<?xml version="1.0" encoding="UTF-8" ?>
<testsuites name="vitest tests" tests="5" failures="5" errors="0" time="0.302">
    <testsuite name="packages/ui/src/components/Typography/__tests__/Heading.test.tsx" timestamp="2025-05-10T01:20:36.299Z" hostname="thescottybe-mbp-m4.local" tests="1" failures="1" errors="0" skipped="0" time="0">
        <testcase classname="packages/ui/src/components/Typography/__tests__/Heading.test.tsx" name="packages/ui/src/components/Typography/__tests__/Heading.test.tsx" time="0">
            <failure message="id.replace is not a function" type="TypeError">
TypeError: id.replace is not a function
            </failure>
        </testcase>
    </testsuite>
    <testsuite name="packages/ui/src/components/Typography/__tests__/List.test.tsx" timestamp="2025-05-10T01:20:36.299Z" hostname="thescottybe-mbp-m4.local" tests="1" failures="1" errors="0" skipped="0" time="0">
        <testcase classname="packages/ui/src/components/Typography/__tests__/List.test.tsx" name="packages/ui/src/components/Typography/__tests__/List.test.tsx" time="0">
            <failure message="id.replace is not a function" type="TypeError">
TypeError: id.replace is not a function
            </failure>
        </testcase>
    </testsuite>
    <testsuite name="src/components/Typography/__tests__/Heading.test.tsx" timestamp="2025-05-10T01:20:36.300Z" hostname="thescottybe-mbp-m4.local" tests="1" failures="1" errors="0" skipped="0" time="0">
        <testcase classname="src/components/Typography/__tests__/Heading.test.tsx" name="src/components/Typography/__tests__/Heading.test.tsx" time="0">
            <failure message="id.replace is not a function" type="TypeError">
TypeError: id.replace is not a function
            </failure>
        </testcase>
    </testsuite>
    <testsuite name="src/components/Typography/__tests__/List.test.tsx" timestamp="2025-05-10T01:20:36.301Z" hostname="thescottybe-mbp-m4.local" tests="1" failures="1" errors="0" skipped="0" time="0">
        <testcase classname="src/components/Typography/__tests__/List.test.tsx" name="src/components/Typography/__tests__/List.test.tsx" time="0">
            <failure message="id.replace is not a function" type="TypeError">
TypeError: id.replace is not a function
            </failure>
        </testcase>
    </testsuite>
    <testsuite name="src/components/Typography/__tests__/Text.test.tsx" timestamp="2025-05-10T01:20:36.301Z" hostname="thescottybe-mbp-m4.local" tests="1" failures="1" errors="0" skipped="0" time="0">
        <testcase classname="src/components/Typography/__tests__/Text.test.tsx" name="src/components/Typography/__tests__/Text.test.tsx" time="0">
            <failure message="id.replace is not a function" type="TypeError">
TypeError: id.replace is not a function
            </failure>
        </testcase>
    </testsuite>
</testsuites>
